#
# There is insufficient memory for the Java Runtime Environment to continue.
# Native memory allocation (mmap) failed to map 268435456 bytes for G1 virtual space
# Possible reasons:
#   The system is out of physical RAM or swap space
#   The process is running with CompressedOops enabled, and the Java Heap may be blocking the growth of the native heap
# Possible solutions:
#   Reduce memory load on the system
#   Increase physical memory or swap space
#   Check if swap backing store is full
#   Decrease Java heap size (-Xmx/-Xms)
#   Decrease number of Java threads
#   Decrease Java thread stack sizes (-Xss)
#   Set larger code cache with -XX:ReservedCodeCacheSize=
#   JVM is running with Zero Based Compressed Oops mode in which the Java heap is
#     placed in the first 32GB address space. The Java Heap base address is the
#     maximum limit for the native heap growth. Please use -XX:HeapBaseMinAddress
#     to set the Java Heap base and to place the Java Heap above 32GB virtual address.
# This output file may be truncated or incomplete.
#
#  Out of Memory Error (os_windows.cpp:3769), pid=202404, tid=195144
#
# JRE version:  (17.0.6+1) (build )
# Java VM: OpenJDK 64-Bit Server VM (17.0.6+1-b653.34, mixed mode, sharing, tiered, compressed oops, compressed class ptrs, g1 gc, windows-amd64)
# No core dump will be written. Minidumps are not enabled by default on client versions of Windows
#

---------------  S U M M A R Y ------------

Command Line: git4idea.http.GitAskPassApp Username for 'https://github.com': 

Host: Intel(R) Core(TM) i5-10400F CPU @ 2.90GHz, 12 cores, 15G,  Windows 10 , 64 bit Build 19041 (10.0.19041.2546)
Time: Wed Mar 22 00:26:41 2023  Windows 10 , 64 bit Build 19041 (10.0.19041.2546) elapsed time: 0.034997 seconds (0d 0h 0m 0s)

---------------  T H R E A D  ---------------

Current thread (0x000001f34cafe010):  JavaThread "Unknown thread" [_thread_in_vm, id=195144, stack(0x000000666df00000,0x000000666e000000)]

Stack: [0x000000666df00000,0x000000666e000000]
Native frames: (J=compiled Java code, j=interpreted, Vv=VM code, C=native code)
V  [jvm.dll+0x683b4a]
V  [jvm.dll+0x842654]
V  [jvm.dll+0x843dfe]
V  [jvm.dll+0x844463]
V  [jvm.dll+0x249b75]
V  [jvm.dll+0x680a19]
V  [jvm.dll+0x674f0a]
V  [jvm.dll+0x309acb]
V  [jvm.dll+0x310f86]
V  [jvm.dll+0x3608ee]
V  [jvm.dll+0x360b1f]
V  [jvm.dll+0x2dfbf8]
V  [jvm.dll+0x2e0b64]
V  [jvm.dll+0x813f41]
V  [jvm.dll+0x36e6a1]
V  [jvm.dll+0x7f347c]
V  [jvm.dll+0x3f0e8f]
V  [jvm.dll+0x3f29d1]
C  [jli.dll+0x526b]
C  [ucrtbase.dll+0x21bb2]
C  [KERNEL32.DLL+0x17614]
C  [ntdll.dll+0x526a1]


---------------  P R O C E S S  ---------------

Threads class SMR info:
_java_thread_list=0x00007ffd7fb6c058, length=0, elements={
}

Java Threads: ( => current thread )

Other Threads:
  0x000001f34cb69600 GCTaskThread "GC Thread#0" [stack: 0x000000666e000000,0x000000666e100000] [id=202036]
  0x000001f34cb7a3d0 ConcurrentGCThread "G1 Main Marker" [stack: 0x000000666e100000,0x000000666e200000] [id=202640]
  0x000001f34cb7b580 ConcurrentGCThread "G1 Conc#0" [stack: 0x000000666e200000,0x000000666e300000] [id=202664]

[error occurred during error reporting (printing all threads), id 0xc0000005, EXCEPTION_ACCESS_VIOLATION (0xc0000005) at pc=0x00007ffd7f320797]

VM state: not at safepoint (not fully initialized)

VM Mutex/Monitor currently owned by a thread:  ([mutex/lock_event])
[0x000001f34caf9d80] Heap_lock - owner thread: 0x000001f34cafe010

Heap address: 0x0000000701600000, size: 4074 MB, Compressed Oops mode: Zero based, Oop shift amount: 3

CDS archive(s) mapped at: [0x0000000000000000-0x0000000000000000-0x0000000000000000), size 0, SharedBaseAddress: 0x0000000800000000, ArchiveRelocationMode: 0.
Narrow klass base: 0x0000000000000000, Narrow klass shift: 0, Narrow klass range: 0x0

GC Precious Log:
<Empty>

Heap:
 garbage-first heap   total 0K, used 0K [0x0000000701600000, 0x0000000800000000)
  region size 2048K, 0 young (0K), 0 survivors (0K)

[error occurred during error reporting (printing heap information), id 0xc0000005, EXCEPTION_ACCESS_VIOLATION (0xc0000005) at pc=0x00007ffd7f70d939]

GC Heap History (0 events):
No events

Dll operation events (1 events):
Event: 0.024 Loaded shared library C:\Program Files\JetBrains\IntelliJ IDEA 2022.3.3\jbr\bin\java.dll

Deoptimization events (0 events):
No events

Classes unloaded (0 events):
No events

Classes redefined (0 events):
No events

Internal exceptions (0 events):
No events

VM Operations (0 events):
No events

Events (0 events):
No events


Dynamic libraries:
0x00007ff675920000 - 0x00007ff67592a000 	C:\Program Files\JetBrains\IntelliJ IDEA 2022.3.3\jbr\bin\java.exe
0x00007ffddeed0000 - 0x00007ffddf0c8000 	C:\WINDOWS\SYSTEM32\ntdll.dll
0x00007ffddd7b0000 - 0x00007ffddd86f000 	C:\WINDOWS\System32\KERNEL32.DLL
0x00007ffddc8a0000 - 0x00007ffddcb72000 	C:\WINDOWS\System32\KERNELBASE.dll
0x00007ffddce10000 - 0x00007ffddcf10000 	C:\WINDOWS\System32\ucrtbase.dll
0x00007ffdd10f0000 - 0x00007ffdd110b000 	C:\Program Files\JetBrains\IntelliJ IDEA 2022.3.3\jbr\bin\VCRUNTIME140.dll
0x00007ffdcfd50000 - 0x00007ffdcfd67000 	C:\Program Files\JetBrains\IntelliJ IDEA 2022.3.3\jbr\bin\jli.dll
0x00007ffdde040000 - 0x00007ffdde1e1000 	C:\WINDOWS\System32\USER32.dll
0x00007ffddc870000 - 0x00007ffddc892000 	C:\WINDOWS\System32\win32u.dll
0x00007ffdde340000 - 0x00007ffdde36b000 	C:\WINDOWS\System32\GDI32.dll
0x00007ffddc760000 - 0x00007ffddc86f000 	C:\WINDOWS\System32\gdi32full.dll
0x00007ffddc5c0000 - 0x00007ffddc65d000 	C:\WINDOWS\System32\msvcp_win.dll
0x00007ffdc8f40000 - 0x00007ffdc91da000 	C:\WINDOWS\WinSxS\amd64_microsoft.windows.common-controls_6595b64144ccf1df_6.0.19041.1110_none_60b5254171f9507e\COMCTL32.dll
0x00007ffddeac0000 - 0x00007ffddeb5e000 	C:\WINDOWS\System32\msvcrt.dll
0x00007ffddd8e0000 - 0x00007ffddd912000 	C:\WINDOWS\System32\IMM32.DLL
0x00007ffdd7470000 - 0x00007ffdd747c000 	C:\Program Files\JetBrains\IntelliJ IDEA 2022.3.3\jbr\bin\vcruntime140_1.dll
0x00007ffd9add0000 - 0x00007ffd9ae5d000 	C:\Program Files\JetBrains\IntelliJ IDEA 2022.3.3\jbr\bin\msvcp140.dll
0x00007ffd7f030000 - 0x00007ffd7fc9d000 	C:\Program Files\JetBrains\IntelliJ IDEA 2022.3.3\jbr\bin\server\jvm.dll
0x00007ffddede0000 - 0x00007ffddee8e000 	C:\WINDOWS\System32\ADVAPI32.dll
0x00007ffdddf80000 - 0x00007ffdde01c000 	C:\WINDOWS\System32\sechost.dll
0x00007ffddda60000 - 0x00007ffdddb85000 	C:\WINDOWS\System32\RPCRT4.dll
0x00007ffdc5a60000 - 0x00007ffdc5a69000 	C:\WINDOWS\SYSTEM32\WSOCK32.dll
0x00007ffdccd50000 - 0x00007ffdccd77000 	C:\WINDOWS\SYSTEM32\WINMM.dll
0x00007ffdd5a50000 - 0x00007ffdd5a5a000 	C:\WINDOWS\SYSTEM32\VERSION.dll
0x00007ffdde2d0000 - 0x00007ffdde33b000 	C:\WINDOWS\System32\WS2_32.dll
0x00007ffdda530000 - 0x00007ffdda542000 	C:\WINDOWS\SYSTEM32\kernel.appcore.dll
0x00007ffdd7ff0000 - 0x00007ffdd7ffa000 	C:\Program Files\JetBrains\IntelliJ IDEA 2022.3.3\jbr\bin\jimage.dll
0x00007ffdd7b10000 - 0x00007ffdd7cf4000 	C:\WINDOWS\SYSTEM32\DBGHELP.DLL
0x00007ffdc8c20000 - 0x00007ffdc8c55000 	C:\WINDOWS\SYSTEM32\dbgcore.DLL
0x00007ffddc6d0000 - 0x00007ffddc752000 	C:\WINDOWS\System32\bcryptPrimitives.dll
0x00007ffdcff50000 - 0x00007ffdcff75000 	C:\Program Files\JetBrains\IntelliJ IDEA 2022.3.3\jbr\bin\java.dll

dbghelp: loaded successfully - version: 4.0.5 - missing functions: none
symbol engine: initialized successfully - sym options: 0x614 - pdb path: .;C:\Program Files\JetBrains\IntelliJ IDEA 2022.3.3\jbr\bin;C:\WINDOWS\SYSTEM32;C:\WINDOWS\WinSxS\amd64_microsoft.windows.common-controls_6595b64144ccf1df_6.0.19041.1110_none_60b5254171f9507e;C:\Program Files\JetBrains\IntelliJ IDEA 2022.3.3\jbr\bin\server

VM Arguments:
java_command: git4idea.http.GitAskPassApp Username for 'https://github.com': 
java_class_path (initial): C:/Program Files/JetBrains/IntelliJ IDEA 2022.3.3/plugins/vcs-git/lib/git4idea-rt.jar;C:/Program Files/JetBrains/IntelliJ IDEA 2022.3.3/lib/externalProcess-rt.jar;C:/Program Files/JetBrains/IntelliJ IDEA 2022.3.3/lib/app.jar;C:/Program Files/JetBrains/IntelliJ IDEA 2022.3.3/lib/3rd-party-rt.jar
Launcher Type: SUN_STANDARD

[Global flags]
     intx CICompilerCount                          = 4                                         {product} {ergonomic}
     uint ConcGCThreads                            = 3                                         {product} {ergonomic}
     uint G1ConcRefinementThreads                  = 10                                        {product} {ergonomic}
   size_t G1HeapRegionSize                         = 2097152                                   {product} {ergonomic}
    uintx GCDrainStackTargetSize                   = 64                                        {product} {ergonomic}
   size_t InitialHeapSize                          = 268435456                                 {product} {ergonomic}
   size_t MarkStackSize                            = 4194304                                   {product} {ergonomic}
   size_t MaxHeapSize                              = 4271898624                                {product} {ergonomic}
   size_t MinHeapDeltaBytes                        = 2097152                                   {product} {ergonomic}
   size_t MinHeapSize                              = 8388608                                   {product} {ergonomic}
    uintx NonNMethodCodeHeapSize                   = 5839372                                {pd product} {ergonomic}
    uintx NonProfiledCodeHeapSize                  = 122909434                              {pd product} {ergonomic}
    uintx ProfiledCodeHeapSize                     = 122909434                              {pd product} {ergonomic}
    uintx ReservedCodeCacheSize                    = 251658240                              {pd product} {ergonomic}
     bool SegmentedCodeCache                       = true                                      {product} {ergonomic}
   size_t SoftMaxHeapSize                          = 4271898624                             {manageable} {ergonomic}
     bool UseCompressedClassPointers               = true                           {product lp64_product} {ergonomic}
     bool UseCompressedOops                        = true                           {product lp64_product} {ergonomic}
     bool UseG1GC                                  = true                                      {product} {ergonomic}
     bool UseLargePagesIndividualAllocation        = false                                  {pd product} {ergonomic}

Logging:
Log output configuration:
 #0: stdout all=warning uptime,level,tags
 #1: stderr all=off uptime,level,tags

Environment Variables:
PATH=C:\Program Files\Git\mingw64\libexec\git-core;C:\Program Files\Git\mingw64\libexec\git-core;C:\Program Files\Git\mingw64\bin;C:\Program Files\Git\usr\bin;C:\Users\lhc93\bin;C:\Program Files\Eclipse Adoptium\jdk-11.0.18.10-hotspot\bin;C:\app\lhc93\product\21c\dbhomeXE\bin;C:\Program Files\Common Files\Oracle\Java\javapath;C:\Program Files (x86)\Common Files\Oracle\Java\javapath;C:\Program Files (x86)\NAT Service;C:\WINDOWS\system32;C:\WINDOWS;C:\WINDOWS\System32\Wbem;C:\WINDOWS\System32\WindowsPowerShell\v1.0;C:\WINDOWS\System32\OpenSSH;C:\Program Files (x86)\NVIDIA Corporation\PhysX\Common;C:\WINDOWS\system32;C:\WINDOWS;C:\WINDOWS\System32\Wbem;C:\WINDOWS\System32\WindowsPowerShell\v1.0;C:\WINDOWS\System32\OpenSSH;C:\Program Files\NVIDIA Corporation\NVIDIA NvDLISR;C:\Program Files\Git\cmd;C:\ProgramData\chocolatey\bin;C:\Users\lhc93\AppData\Local\Microsoft\WindowsApps;C:\Program Files\Bandizip;C:\Users\lhc93\AppData\Local\atom\bin;C:\Program Files\JetBrains\IntelliJ IDEA Community Edition 2022.2.2\bin;C:\Users\lhc93\AppData\Local\Programs\Microsoft VS Code\bin
USERNAME=lhc93
DISPLAY=:0.0
LC_ALL=en_US.UTF-8
TERM=cygwin
TMPDIR=C:\Users\lhc93\AppData\Local\Temp
OS=Windows_NT
PROCESSOR_IDENTIFIER=Intel64 Family 6 Model 165 Stepping 5, GenuineIntel
TMP=C:\Users\lhc93\AppData\Local\Temp
TEMP=C:\Users\lhc93\AppData\Local\Temp



---------------  S Y S T E M  ---------------

OS:
 Windows 10 , 64 bit Build 19041 (10.0.19041.2546)
OS uptime: 16 days 6:28 hours

CPU: total 12 (initial active 12) (6 cores per cpu, 2 threads per core) family 6 model 165 stepping 5 microcode 0xc8, cx8, cmov, fxsr, ht, mmx, 3dnowpref, sse, sse2, sse3, ssse3, sse4.1, sse4.2, popcnt, lzcnt, tsc, tscinvbit, avx, avx2, aes, erms, clmul, bmi1, bmi2, adx, fma, vzeroupper, clflush, clflushopt

Memory: 4k page, system-wide physical 16290M (621M free)
TotalPageFile size 44769M (AvailPageFile size 41M)
current process WorkingSet (physical memory assigned to process): 10M, peak: 10M
current process commit charge ("private bytes"): 64M, peak: 320M

vm_info: OpenJDK 64-Bit Server VM (17.0.6+1-b653.34) for windows-amd64 JRE (17.0.6+1-b653.34), built on 2023-02-24 by "builduser" with MS VC++ 16.10 / 16.11 (VS2019)

END.
